android-app/app/build/intermediates/manifest_merge_blame_file/debug/processDebugMainManifest/manifest-merger-blame-debug-report.txt
1<?xml version="1.0" encoding="utf-8"?>
2<manifest xmlns:android="http://schemas.android.com/apk/res/android"
3    package="com.example.fotohora"
4    android:versionCode="1"
5    android:versionName="1.0" >
6
7    <uses-sdk
8        android:minSdkVersion="24"
9        android:targetSdkVersion="33" />
10    <!--
11         The INTERNET permission is required for development. Specifically,
12         the Flutter tool needs it to communicate with the running application
13         to allow setting breakpoints, to provide hot reload, etc.
14    -->
15    <uses-permission android:name="android.permission.INTERNET" />
15-->src\main\AndroidManifest.xml:8:5-67
15-->src\main\AndroidManifest.xml:8:22-64
16    <uses-permission android:name="android.permission.ACCESS_FINE_LOCATION" />
16-->src\main\AndroidManifest.xml:5:5-79
16-->src\main\AndroidManifest.xml:5:22-76
17    <uses-permission android:name="android.permission.ACCESS_COARSE_LOCATION" />
17-->src\main\AndroidManifest.xml:6:5-81
17-->src\main\AndroidManifest.xml:6:22-78
18    <uses-permission android:name="android.permission.ACCESS_BACKGROUND_LOCATION" />
18-->src\main\AndroidManifest.xml:7:5-85
18-->src\main\AndroidManifest.xml:7:22-82
19    <uses-permission android:name="android.permission.FOREGROUND_SERVICE" /> <!-- Although the *SdkVersion is captured in gradle build files, this is required for non gradle builds -->
19-->src\main\AndroidManifest.xml:9:5-77
19-->src\main\AndroidManifest.xml:9:22-74
20    <!-- <uses-sdk android:minSdkVersion="14"/> -->
21    <uses-permission android:name="android.permission.ACCESS_NETWORK_STATE" />
21-->[com.google.firebase:firebase-database:20.3.0] AndroidManifest.xml:22:5-79
21-->[com.google.firebase:firebase-database:20.3.0] AndroidManifest.xml:22:22-76
22
23    <permission
23-->[androidx.core:core:1.10.1] AndroidManifest.xml:22:5-24:47
24        android:name="com.example.fotohora.DYNAMIC_RECEIVER_NOT_EXPORTED_PERMISSION"
24-->[androidx.core:core:1.10.1] AndroidManifest.xml:23:9-81
25        android:protectionLevel="signature" />
25-->[androidx.core:core:1.10.1] AndroidManifest.xml:24:9-44
26
27    <uses-permission android:name="com.example.fotohora.DYNAMIC_RECEIVER_NOT_EXPORTED_PERMISSION" />
27-->[androidx.core:core:1.10.1] AndroidManifest.xml:26:5-97
27-->[androidx.core:core:1.10.1] AndroidManifest.xml:26:22-94
28
29    <application
29-->src\main\AndroidManifest.xml:11:5-33:19
30        android:name="com.example.fotohora.MyApplication"
30-->src\main\AndroidManifest.xml:12:9-38
31        android:allowBackup="true"
31-->src\main\AndroidManifest.xml:13:9-35
32        android:appComponentFactory="androidx.core.app.CoreComponentFactory"
32-->[androidx.core:core:1.10.1] AndroidManifest.xml:28:18-86
33        android:debuggable="true"
34        android:extractNativeLibs="false"
35        android:icon="@mipmap/ic_launcher"
35-->src\main\AndroidManifest.xml:14:9-43
36        android:label="@string/app_name"
36-->src\main\AndroidManifest.xml:16:9-41
37        android:roundIcon="@mipmap/ic_launcher_round"
37-->src\main\AndroidManifest.xml:15:9-54
38        android:supportsRtl="true"
38-->src\main\AndroidManifest.xml:17:9-35
39        android:theme="@style/AppTheme" >
39-->src\main\AndroidManifest.xml:18:9-40
40        <activity
40-->src\main\AndroidManifest.xml:20:9-27:20
41            android:name="com.example.fotohora.MainActivity"
41-->src\main\AndroidManifest.xml:21:13-41
42            android:exported="true" >
42-->src\main\AndroidManifest.xml:22:13-36
43            <intent-filter>
43-->src\main\AndroidManifest.xml:23:13-26:29
44                <action android:name="android.intent.action.MAIN" />
44-->src\main\AndroidManifest.xml:24:17-69
44-->src\main\AndroidManifest.xml:24:25-66
45
46                <category android:name="android.intent.category.LAUNCHER" />
46-->src\main\AndroidManifest.xml:25:17-77
46-->src\main\AndroidManifest.xml:25:27-74
47            </intent-filter>
48        </activity>
49
50        <service
50-->src\main\AndroidManifest.xml:29:9-32:56
51            android:name="com.example.fotohora.LocationService"
51-->src\main\AndroidManifest.xml:30:13-44
52            android:exported="false"
52-->src\main\AndroidManifest.xml:31:13-37
53            android:foregroundServiceType="location" />
53-->src\main\AndroidManifest.xml:32:13-53
54        <service
54-->[com.google.firebase:firebase-database-ktx:20.3.0] AndroidManifest.xml:9:9-15:19
55            android:name="com.google.firebase.components.ComponentDiscoveryService"
55-->[com.google.firebase:firebase-database-ktx:20.3.0] AndroidManifest.xml:10:13-84
56            android:directBootAware="true"
56-->[com.google.firebase:firebase-common:20.4.2] AndroidManifest.xml:32:13-43
57            android:exported="false" >
57-->[com.google.firebase:firebase-database-ktx:20.3.0] AndroidManifest.xml:11:13-37
58            <meta-data
58-->[com.google.firebase:firebase-database-ktx:20.3.0] AndroidManifest.xml:12:13-14:85
59                android:name="com.google.firebase.components:com.google.firebase.database.ktx.FirebaseDatabaseLegacyRegistrar"
59-->[com.google.firebase:firebase-database-ktx:20.3.0] AndroidManifest.xml:13:17-127
60                android:value="com.google.firebase.components.ComponentRegistrar" />
60-->[com.google.firebase:firebase-database-ktx:20.3.0] AndroidManifest.xml:14:17-82
61            <meta-data
61-->[com.google.firebase:firebase-database:20.3.0] AndroidManifest.xml:29:13-31:85
62                android:name="com.google.firebase.components:com.google.firebase.database.FirebaseDatabaseKtxRegistrar"
62-->[com.google.firebase:firebase-database:20.3.0] AndroidManifest.xml:30:17-120
63                android:value="com.google.firebase.components.ComponentRegistrar" />
63-->[com.google.firebase:firebase-database:20.3.0] AndroidManifest.xml:31:17-82
64            <meta-data
64-->[com.google.firebase:firebase-database:20.3.0] AndroidManifest.xml:32:13-34:85
65                android:name="com.google.firebase.components:com.google.firebase.database.DatabaseRegistrar"
65-->[com.google.firebase:firebase-database:20.3.0] AndroidManifest.xml:33:17-109
66                android:value="com.google.firebase.components.ComponentRegistrar" />
66-->[com.google.firebase:firebase-database:20.3.0] AndroidManifest.xml:34:17-82
67            <meta-data
67-->[com.google.firebase:firebase-common-ktx:20.4.2] AndroidManifest.xml:12:13-14:85
68                android:name="com.google.firebase.components:com.google.firebase.ktx.FirebaseCommonLegacyRegistrar"
68-->[com.google.firebase:firebase-common-ktx:20.4.2] AndroidManifest.xml:13:17-116
69                android:value="com.google.firebase.components.ComponentRegistrar" />
69-->[com.google.firebase:firebase-common-ktx:20.4.2] AndroidManifest.xml:14:17-82
70            <meta-data
70-->[com.google.firebase:firebase-common:20.4.2] AndroidManifest.xml:35:13-37:85
71                android:name="com.google.firebase.components:com.google.firebase.FirebaseCommonKtxRegistrar"
71-->[com.google.firebase:firebase-common:20.4.2] AndroidManifest.xml:36:17-109
72                android:value="com.google.firebase.components.ComponentRegistrar" />
72-->[com.google.firebase:firebase-common:20.4.2] AndroidManifest.xml:37:17-82
73        </service>
74
75        <activity
75-->[com.google.android.gms:play-services-base:18.1.0] AndroidManifest.xml:20:9-22:45
76            android:name="com.google.android.gms.common.api.GoogleApiActivity"
76-->[com.google.android.gms:play-services-base:18.1.0] AndroidManifest.xml:20:19-85
77            android:exported="false"
77-->[com.google.android.gms:play-services-base:18.1.0] AndroidManifest.xml:22:19-43
78            android:theme="@android:style/Theme.Translucent.NoTitleBar" />
78-->[com.google.android.gms:play-services-base:18.1.0] AndroidManifest.xml:21:19-78
79
80        <provider
80-->[com.google.firebase:firebase-common:20.4.2] AndroidManifest.xml:23:9-28:39
81            android:name="com.google.firebase.provider.FirebaseInitProvider"
81-->[com.google.firebase:firebase-common:20.4.2] AndroidManifest.xml:24:13-77
82            android:authorities="com.example.fotohora.firebaseinitprovider"
82-->[com.google.firebase:firebase-common:20.4.2] AndroidManifest.xml:25:13-72
83            android:directBootAware="true"
83-->[com.google.firebase:firebase-common:20.4.2] AndroidManifest.xml:26:13-43
84            android:exported="false"
84-->[com.google.firebase:firebase-common:20.4.2] AndroidManifest.xml:27:13-37
85            android:initOrder="100" />
85-->[com.google.firebase:firebase-common:20.4.2] AndroidManifest.xml:28:13-36
86
87        <meta-data
87-->[com.google.android.gms:play-services-basement:18.1.0] AndroidManifest.xml:21:9-23:69
88            android:name="com.google.android.gms.version"
88-->[com.google.android.gms:play-services-basement:18.1.0] AndroidManifest.xml:22:13-58
89            android:value="@integer/google_play_services_version" />
89-->[com.google.android.gms:play-services-basement:18.1.0] AndroidManifest.xml:23:13-66
90
91        <provider
91-->[androidx.emoji2:emoji2:1.2.0] AndroidManifest.xml:24:9-32:20
92            android:name="androidx.startup.InitializationProvider"
92-->[androidx.emoji2:emoji2:1.2.0] AndroidManifest.xml:25:13-67
93            android:authorities="com.example.fotohora.androidx-startup"
93-->[androidx.emoji2:emoji2:1.2.0] AndroidManifest.xml:26:13-68
94            android:exported="false" >
94-->[androidx.emoji2:emoji2:1.2.0] AndroidManifest.xml:27:13-37
95            <meta-data
95-->[androidx.emoji2:emoji2:1.2.0] AndroidManifest.xml:29:13-31:52
96                android:name="androidx.emoji2.text.EmojiCompatInitializer"
96-->[androidx.emoji2:emoji2:1.2.0] AndroidManifest.xml:30:17-75
97                android:value="androidx.startup" />
97-->[androidx.emoji2:emoji2:1.2.0] AndroidManifest.xml:31:17-49
98            <meta-data
98-->[androidx.lifecycle:lifecycle-process:2.4.1] AndroidManifest.xml:31:13-33:52
99                android:name="androidx.lifecycle.ProcessLifecycleInitializer"
99-->[androidx.lifecycle:lifecycle-process:2.4.1] AndroidManifest.xml:32:17-78
100                android:value="androidx.startup" />
100-->[androidx.lifecycle:lifecycle-process:2.4.1] AndroidManifest.xml:33:17-49
101        </provider>
102    </application>
103
104</manifest>